2024-09-19 18:55:05.145 INFO  (main) [c: s: r: x: t:] o.e.j.s.Server jetty-10.0.22; built: 2024-06-27T16:03:51.502Z; git: 5c8471e852d377fd726ad9b1692c35ffc5febb09; jvm 17.0.12+7
2024-09-19 18:55:05.903 WARN  (main) [c: s: r: x: t:] o.e.j.u.DeprecationWarning Using @Deprecated Class org.eclipse.jetty.servlet.listener.ELContextCleaner
2024-09-19 18:55:05.986 INFO  (main) [c: s: r: x: t:] o.a.s.s.CoreContainerProvider Using logger factory org.apache.logging.slf4j.Log4jLoggerFactory
2024-09-19 18:55:06.010 INFO  (main) [c: s: r: x: t:] o.a.s.s.CoreContainerProvider  ___      _       Welcome to Apache Solr™ version 9.7.0
2024-09-19 18:55:06.011 INFO  (main) [c: s: r: x: t:] o.a.s.s.CoreContainerProvider / __| ___| |_ _   Starting in standalone mode on port 8983
2024-09-19 18:55:06.012 INFO  (main) [c: s: r: x: t:] o.a.s.s.CoreContainerProvider \__ \/ _ \ | '_|  Install dir: /opt/solr-9.7.0
2024-09-19 18:55:06.013 INFO  (main) [c: s: r: x: t:] o.a.s.s.CoreContainerProvider |___/\___/_|_|    Start time: 2024-09-19T18:55:06.013119300Z
2024-09-19 18:55:06.021 INFO  (main) [c: s: r: x: t:] o.a.s.s.CoreContainerProvider Solr started with "-XX:+CrashOnOutOfMemoryError" that will crash on any OutOfMemoryError exception. The cause of the OOME will be logged in the crash file at the following path: /var/solr/logs/jvm_crash_12.log
2024-09-19 18:55:06.108 INFO  (main) [c: s: r: x: t:] o.a.s.s.CoreContainerProvider Solr Home: /var/solr/data (source: system property: solr.solr.home)
2024-09-19 18:55:06.156 INFO  (main) [c: s: r: x: t:] o.a.s.c.SolrXmlConfig solr.xml not found in SOLR_HOME, using built-in default
2024-09-19 18:55:06.157 INFO  (main) [c: s: r: x: t:] o.a.s.c.SolrXmlConfig Loading solr.xml from /opt/solr-9.7.0/server/solr/solr.xml
2024-09-19 18:55:06.312 INFO  (main) [c: s: r: x: t:] o.a.s.c.SolrResourceLoader Added 1 libs to classloader, from paths: [/opt/solr-9.7.0/lib]
2024-09-19 18:55:08.067 INFO  (main) [c: s: r: x: t:] o.a.s.u.t.SimplePropagator Always-on trace id generation enabled.
2024-09-19 18:55:08.832 WARN  (main) [c: s: r: x: t:] o.a.s.u.StartupLoggingUtils Jetty request logging enabled. Will retain logs for last 3 days. See chapter "Configuring Logging" in reference guide for how to configure.
2024-09-19 18:55:08.837 WARN  (main) [c: s: r: x: t:] o.a.s.c.CoreContainer Not all security plugins configured!  authentication=disabled authorization=disabled.  Solr is only as secure as you make it. Consider configuring authentication/authorization before exposing Solr to users internal or external.  See https://s.apache.org/solrsecurity for more info
2024-09-19 18:55:09.446 INFO  (main) [c: s: r: x: t:] o.a.s.c.CorePropertiesLocator Found 1 core definitions underneath /var/solr/data
2024-09-19 18:55:09.447 INFO  (main) [c: s: r: x: t:] o.a.s.c.CorePropertiesLocator Cores are: [blacklight-core]
2024-09-19 18:55:09.555 INFO  (coreLoadExecutor-13-thread-1) [c: s: r: x:blacklight-core t:] o.a.s.c.SolrConfig Using Lucene MatchVersion: 9.11.0
2024-09-19 18:55:09.897 INFO  (coreLoadExecutor-13-thread-1) [c: s: r: x:blacklight-core t:] o.a.s.s.IndexSchema Schema name=default-config
2024-09-19 18:55:10.286 WARN  (main) [c: s: r: x: t:] o.g.j.m.i.MessagingBinders A class jakarta.activation.DataSource for a default provider MessageBodyWriter<jakarta.activation.DataSource> was not found. The provider is not available.
2024-09-19 18:55:10.718 INFO  (coreLoadExecutor-13-thread-1) [c: s: r: x:blacklight-core t:] o.a.s.s.IndexSchema Loaded schema default-config/1.7 with uniqueid field id
2024-09-19 18:55:10.719 INFO  (coreLoadExecutor-13-thread-1) [c: s: r: x:blacklight-core t:] o.a.s.c.CoreContainer Creating SolrCore 'blacklight-core' using configuration from instancedir /var/solr/data/blacklight-core, trusted=true
2024-09-19 18:55:10.862 INFO  (coreLoadExecutor-13-thread-1) [c: s: r: x:blacklight-core t:] o.a.s.c.SolrCore Opening new SolrCore at [/var/solr/data/blacklight-core], dataDir=[/var/solr/data/blacklight-core/data/]
2024-09-19 18:55:11.551 INFO  (main) [c: s: r: x: t:] o.a.s.j.SolrRequestAuthorizer Creating a new SolrRequestAuthorizer
2024-09-19 18:55:12.134 INFO  (main) [c: s: r: x: t:] o.e.j.s.h.ContextHandler Started o.e.j.w.WebAppContext@bc57b40{solr-jetty-context.xml,/solr,file:///opt/solr-9.7.0/server/solr-webapp/webapp/,AVAILABLE}{/opt/solr-9.7.0/server/solr-webapp/webapp}
2024-09-19 18:55:12.175 INFO  (main) [c: s: r: x: t:] o.e.j.s.RequestLogWriter Opened /var/solr/logs/2024_09_19.request.log
2024-09-19 18:55:12.196 INFO  (main) [c: s: r: x: t:] o.e.j.s.AbstractConnector Started ServerConnector@16ecee1{HTTP/1.1, (http/1.1, h2c)}{0.0.0.0:8983}
2024-09-19 18:55:12.203 INFO  (main) [c: s: r: x: t:] o.e.j.s.Server Started Server@58e6d4b8{STARTING}[10.0.22,sto=0] @9547ms
2024-09-19 18:55:12.871 INFO  (coreLoadExecutor-13-thread-1) [c: s: r: x:blacklight-core t:] o.a.s.j.SolrRequestAuthorizer Creating a new SolrRequestAuthorizer
2024-09-19 18:55:12.949 INFO  (coreLoadExecutor-13-thread-1) [c: s: r: x:blacklight-core t:] o.a.s.u.UpdateHandler Using UpdateLog implementation: org.apache.solr.update.UpdateLog
2024-09-19 18:55:12.950 INFO  (coreLoadExecutor-13-thread-1) [c: s: r: x:blacklight-core t:] o.a.s.u.UpdateLog Initializing UpdateLog: dataDir= defaultSyncLevel=FLUSH numRecordsToKeep=100 maxNumLogsToKeep=10 numVersionBuckets=65536
2024-09-19 18:55:12.953 INFO  (coreLoadExecutor-13-thread-1) [c: s: r: x:blacklight-core t:] o.a.s.u.CommitTracker Hard AutoCommit: if uncommitted for 15000ms; 
2024-09-19 18:55:12.954 INFO  (coreLoadExecutor-13-thread-1) [c: s: r: x:blacklight-core t:] o.a.s.u.CommitTracker Soft AutoCommit: if uncommitted for 3000ms; 
2024-09-19 18:55:13.186 INFO  (coreLoadExecutor-13-thread-1) [c: s: r: x:blacklight-core t:] o.a.s.r.ManagedResourceStorage File-based storage initialized to use dir: /var/solr/data/blacklight-core/conf
2024-09-19 18:55:13.245 INFO  (coreLoadExecutor-13-thread-1) [c: s: r: x:blacklight-core t:] o.a.s.s.DirectSolrSpellChecker init: {name=default, field=_text_, classname=solr.DirectSolrSpellChecker, distanceMeasure=internal, maxEdits=2, minPrefix=1, maxInspections=5, minQueryLength=4, accuracy=0.5, maxQueryFrequency=0.01}
2024-09-19 18:55:13.276 INFO  (coreLoadExecutor-13-thread-1) [c: s: r: x:blacklight-core t:] o.a.s.h.ReplicationHandler Commits will be reserved for 10000 ms
2024-09-19 18:55:13.291 INFO  (searcherExecutor-15-thread-1-processing-blacklight-core) [c: s: r: x:blacklight-core t:] o.a.s.c.QuerySenderListener QuerySenderListener done.
2024-09-19 18:55:13.292 INFO  (searcherExecutor-15-thread-1-processing-blacklight-core) [c: s: r: x:blacklight-core t:] o.a.s.h.c.SpellCheckComponent Loading spell index for spellchecker: default
2024-09-19 18:55:13.333 INFO  (searcherExecutor-15-thread-1-processing-blacklight-core) [c: s: r: x:blacklight-core t:] o.a.s.c.SolrCore Registered new searcher autowarm time: 0 ms
